<?xml version="1.0" encoding="UTF-8"?>
<testsuite name="threesolid.TestWorker" tests="3" skipped="0" failures="0" errors="0" timestamp="2019-04-25T14:54:50" hostname="TEDs-MacBook-Pro.local" time="0.02">
  <properties/>
  <testcase name="testAandB()" classname="threesolid.TestWorker" time="0.012"/>
  <testcase name="testWorkerWithName()" classname="threesolid.TestWorker" time="0.003"/>
  <testcase name="testWorkerWithNoName()" classname="threesolid.TestWorker" time="0.001"/>
  <system-out><![CDATA[]]></system-out>
  <system-err><![CDATA[]]></system-err>
</testsuite>
